<?xml version="1.0" encoding="UTF-8"?>
<!-- Generated by org.testng.reporters.JUnitXMLReporter -->
<testsuite ignored="1" hostname="DESKTOP-8DNRIMP" failures="0" tests="1" name="Default test" time="50.447" errors="0" timestamp="17 Mar 2025 10:17:41 GMT">
  <testcase classname="Dollibar.AddProducts" name="BillOfMaterial" time="33.999"/>
  <testcase classname="Dollibar.AddProducts" name="addproducts" time="0.0">
    <ignored/>
  </testcase> <!-- addproducts -->
</testsuite> <!-- Default test -->
